warning: No `requires-python` value found in the workspace. Defaulting to `>=3.12`.
Installed 7 packages in 10ms
Running Sphinx v9.1.0
loading translations [en]... done
loading pickled environment... checking bibtex cache... up to date
The configuration has changed (3 options: 'html_static_path', 'mathjax3_config', 'pygments_dark_style')
done
myst v5.0.0: MdParserConfig(commonmark_only=False, gfm_only=False, enable_extensions={'html_image', 'replacements', 'smartquotes', 'amsmath', 'fieldlist', 'html_admonition', 'deflist', 'dollarmath', 'colon_fence', 'tasklist'}, disable_syntax=[], all_links_external=False, links_external_new_tab=False, url_schemes=('http', 'https', 'mailto', 'ftp'), ref_domains=None, fence_as_directive=set(), number_code_blocks=[], title_to_header=False, heading_anchors=0, heading_slug_func=None, html_meta={}, footnote_sort=True, footnote_transition=True, words_per_minute=200, substitutions={}, linkify_fuzzy_links=True, dmath_allow_labels=True, dmath_allow_space=True, dmath_allow_digits=True, dmath_double_inline=False, update_mathjax=True, mathjax_classes='tex2jax_process|mathjax_process|math|output_area', enable_checkboxes=False, suppress_warnings=[], highlight_code_blocks=True)
building [mo]: targets for 0 po files that are out of date
writing output... 
building [html]: targets for 2 source files that are out of date
updating environment: 2 added, 4 changed, 0 removed
reading sources... [ 17%] index
reading sources... [ 33%] reference/core
INFO:2026-01-18 18:56:29,447:jax._src.xla_bridge:812: Unable to initialize backend 'tpu': INTERNAL: Failed to open libtpu.so: libtpu.so: cannot open shared object file: No such file or directory
# 2026-01-18 18:56:29,447 INFO jax._src.xla_bridge xla_bridge.py:812 -- Unable to initialize backend 'tpu': INTERNAL: Failed to open libtpu.so: libtpu.so: cannot open shared object file: No such file or directory

reading sources... [ 50%] reference/index
reading sources... [ 67%] reference/signal_models
reading sources... [ 83%] reference/simulation
reading sources... [100%] tutorials/simulation_basics

WARNING: multiple files found for the document "index": index.md, index.rst
Use _StrPath('/home/mhough/src/dmipy/docs/index.md') for the build.
/home/mhough/src/dmipy/docs/index.md:19: WARNING: toctree contains reference to nonexisting document 'api/modules' [toc.not_readable]
WARNING: autodoc: failed to import 'core.modeling_framework' from module 'dmipy_jax'; the following exception was raised:
Traceback (most recent call last):
  File "/home/mhough/src/dmipy/.venv/lib/python3.12/site-packages/sphinx/ext/autodoc/_dynamic/_importer.py", line 221, in _import_module
    module = importlib.import_module(modname)
             ^^^^^^^^^^^^^^^^^^^^^^^^^^^^^^^^
  File "/home/mhough/miniconda3/lib/python3.12/importlib/__init__.py", line 90, in import_module
    return _bootstrap._gcd_import(name[level:], package, level)
           ^^^^^^^^^^^^^^^^^^^^^^^^^^^^^^^^^^^^^^^^^^^^^^^^^^^^
  File "<frozen importlib._bootstrap>", line 1387, in _gcd_import
  File "<frozen importlib._bootstrap>", line 1360, in _find_and_load
  File "<frozen importlib._bootstrap>", line 1331, in _find_and_load_unlocked
  File "<frozen importlib._bootstrap>", line 935, in _load_unlocked
  File "<frozen importlib._bootstrap_external>", line 999, in exec_module
  File "<frozen importlib._bootstrap>", line 488, in _call_with_frames_removed
  File "/home/mhough/src/dmipy/dmipy_jax/__init__.py", line 24, in <module>
    from dmipy_jax import inverse
  File "/home/mhough/src/dmipy/dmipy_jax/inverse/__init__.py", line 1, in <module>
    from .solvers import MicrostructureOperator, GlobalOptimizer
  File "/home/mhough/src/dmipy/dmipy_jax/inverse/solvers.py", line 205
    class GlobalOptimizer:
IndentationError: expected an indented block after 'else' statement on line 203

The above exception was the direct cause of the following exception:

Traceback (most recent call last):
  File "/home/mhough/src/dmipy/.venv/lib/python3.12/site-packages/sphinx/ext/autodoc/_dynamic/_importer.py", line 131, in _import_from_module_and_path
    module = _import_module(module_name, try_reload=True)
             ^^^^^^^^^^^^^^^^^^^^^^^^^^^^^^^^^^^^^^^^^^^^
  File "/home/mhough/src/dmipy/.venv/lib/python3.12/site-packages/sphinx/ext/autodoc/_dynamic/_importer.py", line 233, in _import_module
    raise ImportError(exc, traceback.format_exc()) from exc
ImportError: (IndentationError("expected an indented block after 'else' statement on line 203", ('/home/mhough/src/dmipy/dmipy_jax/inverse/solvers.py', 205, 0, 'class GlobalOptimizer:\n', 205, -1)), 'Traceback (most recent call last):\n  File "/home/mhough/src/dmipy/.venv/lib/python3.12/site-packages/sphinx/ext/autodoc/_dynamic/_importer.py", line 221, in _import_module\n    module = importlib.import_module(modname)\n             ^^^^^^^^^^^^^^^^^^^^^^^^^^^^^^^^\n  File "/home/mhough/miniconda3/lib/python3.12/importlib/__init__.py", line 90, in import_module\n    return _bootstrap._gcd_import(name[level:], package, level)\n           ^^^^^^^^^^^^^^^^^^^^^^^^^^^^^^^^^^^^^^^^^^^^^^^^^^^^\n  File "<frozen importlib._bootstrap>", line 1387, in _gcd_import\n  File "<frozen importlib._bootstrap>", line 1360, in _find_and_load\n  File "<frozen importlib._bootstrap>", line 1331, in _find_and_load_unlocked\n  File "<frozen importlib._bootstrap>", line 935, in _load_unlocked\n  File "<frozen importlib._bootstrap_external>", line 999, in exec_module\n  File "<frozen importlib._bootstrap>", line 488, in _call_with_frames_removed\n  File "/home/mhough/src/dmipy/dmipy_jax/__init__.py", line 24, in <module>\n    from dmipy_jax import inverse\n  File "/home/mhough/src/dmipy/dmipy_jax/inverse/__init__.py", line 1, in <module>\n    from .solvers import MicrostructureOperator, GlobalOptimizer\n  File "/home/mhough/src/dmipy/dmipy_jax/inverse/solvers.py", line 205\n    class GlobalOptimizer:\nIndentationError: expected an indented block after \'else\' statement on line 203\n')
 [autodoc.import_object]
WARNING: autodoc: failed to import 'core.particle_engine' from module 'dmipy_jax'; the following exception was raised:
Traceback (most recent call last):
  File "/home/mhough/src/dmipy/.venv/lib/python3.12/site-packages/sphinx/ext/autodoc/_dynamic/_importer.py", line 221, in _import_module
    module = importlib.import_module(modname)
             ^^^^^^^^^^^^^^^^^^^^^^^^^^^^^^^^
  File "/home/mhough/miniconda3/lib/python3.12/importlib/__init__.py", line 90, in import_module
    return _bootstrap._gcd_import(name[level:], package, level)
           ^^^^^^^^^^^^^^^^^^^^^^^^^^^^^^^^^^^^^^^^^^^^^^^^^^^^
  File "<frozen importlib._bootstrap>", line 1387, in _gcd_import
  File "<frozen importlib._bootstrap>", line 1360, in _find_and_load
  File "<frozen importlib._bootstrap>", line 1331, in _find_and_load_unlocked
  File "<frozen importlib._bootstrap>", line 935, in _load_unlocked
  File "<frozen importlib._bootstrap_external>", line 999, in exec_module
  File "<frozen importlib._bootstrap>", line 488, in _call_with_frames_removed
  File "/home/mhough/src/dmipy/dmipy_jax/__init__.py", line 24, in <module>
    from dmipy_jax import inverse
  File "/home/mhough/src/dmipy/dmipy_jax/inverse/__init__.py", line 1, in <module>
    from .solvers import MicrostructureOperator, GlobalOptimizer
  File "/home/mhough/src/dmipy/dmipy_jax/inverse/solvers.py", line 205
    class GlobalOptimizer:
IndentationError: expected an indented block after 'else' statement on line 203

The above exception was the direct cause of the following exception:

Traceback (most recent call last):
  File "/home/mhough/src/dmipy/.venv/lib/python3.12/site-packages/sphinx/ext/autodoc/_dynamic/_importer.py", line 131, in _import_from_module_and_path
    module = _import_module(module_name, try_reload=True)
             ^^^^^^^^^^^^^^^^^^^^^^^^^^^^^^^^^^^^^^^^^^^^
  File "/home/mhough/src/dmipy/.venv/lib/python3.12/site-packages/sphinx/ext/autodoc/_dynamic/_importer.py", line 233, in _import_module
    raise ImportError(exc, traceback.format_exc()) from exc
ImportError: (IndentationError("expected an indented block after 'else' statement on line 203", ('/home/mhough/src/dmipy/dmipy_jax/inverse/solvers.py', 205, 0, 'class GlobalOptimizer:\n', 205, -1)), 'Traceback (most recent call last):\n  File "/home/mhough/src/dmipy/.venv/lib/python3.12/site-packages/sphinx/ext/autodoc/_dynamic/_importer.py", line 221, in _import_module\n    module = importlib.import_module(modname)\n             ^^^^^^^^^^^^^^^^^^^^^^^^^^^^^^^^\n  File "/home/mhough/miniconda3/lib/python3.12/importlib/__init__.py", line 90, in import_module\n    return _bootstrap._gcd_import(name[level:], package, level)\n           ^^^^^^^^^^^^^^^^^^^^^^^^^^^^^^^^^^^^^^^^^^^^^^^^^^^^\n  File "<frozen importlib._bootstrap>", line 1387, in _gcd_import\n  File "<frozen importlib._bootstrap>", line 1360, in _find_and_load\n  File "<frozen importlib._bootstrap>", line 1331, in _find_and_load_unlocked\n  File "<frozen importlib._bootstrap>", line 935, in _load_unlocked\n  File "<frozen importlib._bootstrap_external>", line 999, in exec_module\n  File "<frozen importlib._bootstrap>", line 488, in _call_with_frames_removed\n  File "/home/mhough/src/dmipy/dmipy_jax/__init__.py", line 24, in <module>\n    from dmipy_jax import inverse\n  File "/home/mhough/src/dmipy/dmipy_jax/inverse/__init__.py", line 1, in <module>\n    from .solvers import MicrostructureOperator, GlobalOptimizer\n  File "/home/mhough/src/dmipy/dmipy_jax/inverse/solvers.py", line 205\n    class GlobalOptimizer:\nIndentationError: expected an indented block after \'else\' statement on line 203\n')
 [autodoc.import_object]
WARNING: autodoc: failed to import 'core.solvers' from module 'dmipy_jax'; the following exception was raised:
Traceback (most recent call last):
  File "/home/mhough/src/dmipy/.venv/lib/python3.12/site-packages/sphinx/ext/autodoc/_dynamic/_importer.py", line 221, in _import_module
    module = importlib.import_module(modname)
             ^^^^^^^^^^^^^^^^^^^^^^^^^^^^^^^^
  File "/home/mhough/miniconda3/lib/python3.12/importlib/__init__.py", line 90, in import_module
    return _bootstrap._gcd_import(name[level:], package, level)
           ^^^^^^^^^^^^^^^^^^^^^^^^^^^^^^^^^^^^^^^^^^^^^^^^^^^^
  File "<frozen importlib._bootstrap>", line 1387, in _gcd_import
  File "<frozen importlib._bootstrap>", line 1360, in _find_and_load
  File "<frozen importlib._bootstrap>", line 1331, in _find_and_load_unlocked
  File "<frozen importlib._bootstrap>", line 935, in _load_unlocked
  File "<frozen importlib._bootstrap_external>", line 999, in exec_module
  File "<frozen importlib._bootstrap>", line 488, in _call_with_frames_removed
  File "/home/mhough/src/dmipy/dmipy_jax/__init__.py", line 24, in <module>
    from dmipy_jax import inverse
  File "/home/mhough/src/dmipy/dmipy_jax/inverse/__init__.py", line 1, in <module>
    from .solvers import MicrostructureOperator, GlobalOptimizer
  File "/home/mhough/src/dmipy/dmipy_jax/inverse/solvers.py", line 205
    class GlobalOptimizer:
IndentationError: expected an indented block after 'else' statement on line 203

The above exception was the direct cause of the following exception:

Traceback (most recent call last):
  File "/home/mhough/src/dmipy/.venv/lib/python3.12/site-packages/sphinx/ext/autodoc/_dynamic/_importer.py", line 131, in _import_from_module_and_path
    module = _import_module(module_name, try_reload=True)
             ^^^^^^^^^^^^^^^^^^^^^^^^^^^^^^^^^^^^^^^^^^^^
  File "/home/mhough/src/dmipy/.venv/lib/python3.12/site-packages/sphinx/ext/autodoc/_dynamic/_importer.py", line 233, in _import_module
    raise ImportError(exc, traceback.format_exc()) from exc
ImportError: (IndentationError("expected an indented block after 'else' statement on line 203", ('/home/mhough/src/dmipy/dmipy_jax/inverse/solvers.py', 205, 0, 'class GlobalOptimizer:\n', 205, -1)), 'Traceback (most recent call last):\n  File "/home/mhough/src/dmipy/.venv/lib/python3.12/site-packages/sphinx/ext/autodoc/_dynamic/_importer.py", line 221, in _import_module\n    module = importlib.import_module(modname)\n             ^^^^^^^^^^^^^^^^^^^^^^^^^^^^^^^^\n  File "/home/mhough/miniconda3/lib/python3.12/importlib/__init__.py", line 90, in import_module\n    return _bootstrap._gcd_import(name[level:], package, level)\n           ^^^^^^^^^^^^^^^^^^^^^^^^^^^^^^^^^^^^^^^^^^^^^^^^^^^^\n  File "<frozen importlib._bootstrap>", line 1387, in _gcd_import\n  File "<frozen importlib._bootstrap>", line 1360, in _find_and_load\n  File "<frozen importlib._bootstrap>", line 1331, in _find_and_load_unlocked\n  File "<frozen importlib._bootstrap>", line 935, in _load_unlocked\n  File "<frozen importlib._bootstrap_external>", line 999, in exec_module\n  File "<frozen importlib._bootstrap>", line 488, in _call_with_frames_removed\n  File "/home/mhough/src/dmipy/dmipy_jax/__init__.py", line 24, in <module>\n    from dmipy_jax import inverse\n  File "/home/mhough/src/dmipy/dmipy_jax/inverse/__init__.py", line 1, in <module>\n    from .solvers import MicrostructureOperator, GlobalOptimizer\n  File "/home/mhough/src/dmipy/dmipy_jax/inverse/solvers.py", line 205\n    class GlobalOptimizer:\nIndentationError: expected an indented block after \'else\' statement on line 203\n')
 [autodoc.import_object]
WARNING: autodoc: failed to import 'core.integration_grids' from module 'dmipy_jax'; the following exception was raised:
Traceback (most recent call last):
  File "/home/mhough/src/dmipy/.venv/lib/python3.12/site-packages/sphinx/ext/autodoc/_dynamic/_importer.py", line 221, in _import_module
    module = importlib.import_module(modname)
             ^^^^^^^^^^^^^^^^^^^^^^^^^^^^^^^^
  File "/home/mhough/miniconda3/lib/python3.12/importlib/__init__.py", line 90, in import_module
    return _bootstrap._gcd_import(name[level:], package, level)
           ^^^^^^^^^^^^^^^^^^^^^^^^^^^^^^^^^^^^^^^^^^^^^^^^^^^^
  File "<frozen importlib._bootstrap>", line 1387, in _gcd_import
  File "<frozen importlib._bootstrap>", line 1360, in _find_and_load
  File "<frozen importlib._bootstrap>", line 1331, in _find_and_load_unlocked
  File "<frozen importlib._bootstrap>", line 935, in _load_unlocked
  File "<frozen importlib._bootstrap_external>", line 999, in exec_module
  File "<frozen importlib._bootstrap>", line 488, in _call_with_frames_removed
  File "/home/mhough/src/dmipy/dmipy_jax/__init__.py", line 24, in <module>
    from dmipy_jax import inverse
  File "/home/mhough/src/dmipy/dmipy_jax/inverse/__init__.py", line 1, in <module>
    from .solvers import MicrostructureOperator, GlobalOptimizer
  File "/home/mhough/src/dmipy/dmipy_jax/inverse/solvers.py", line 205
    class GlobalOptimizer:
IndentationError: expected an indented block after 'else' statement on line 203

The above exception was the direct cause of the following exception:

Traceback (most recent call last):
  File "/home/mhough/src/dmipy/.venv/lib/python3.12/site-packages/sphinx/ext/autodoc/_dynamic/_importer.py", line 131, in _import_from_module_and_path
    module = _import_module(module_name, try_reload=True)
             ^^^^^^^^^^^^^^^^^^^^^^^^^^^^^^^^^^^^^^^^^^^^
  File "/home/mhough/src/dmipy/.venv/lib/python3.12/site-packages/sphinx/ext/autodoc/_dynamic/_importer.py", line 233, in _import_module
    raise ImportError(exc, traceback.format_exc()) from exc
ImportError: (IndentationError("expected an indented block after 'else' statement on line 203", ('/home/mhough/src/dmipy/dmipy_jax/inverse/solvers.py', 205, 0, 'class GlobalOptimizer:\n', 205, -1)), 'Traceback (most recent call last):\n  File "/home/mhough/src/dmipy/.venv/lib/python3.12/site-packages/sphinx/ext/autodoc/_dynamic/_importer.py", line 221, in _import_module\n    module = importlib.import_module(modname)\n             ^^^^^^^^^^^^^^^^^^^^^^^^^^^^^^^^\n  File "/home/mhough/miniconda3/lib/python3.12/importlib/__init__.py", line 90, in import_module\n    return _bootstrap._gcd_import(name[level:], package, level)\n           ^^^^^^^^^^^^^^^^^^^^^^^^^^^^^^^^^^^^^^^^^^^^^^^^^^^^\n  File "<frozen importlib._bootstrap>", line 1387, in _gcd_import\n  File "<frozen importlib._bootstrap>", line 1360, in _find_and_load\n  File "<frozen importlib._bootstrap>", line 1331, in _find_and_load_unlocked\n  File "<frozen importlib._bootstrap>", line 935, in _load_unlocked\n  File "<frozen importlib._bootstrap_external>", line 999, in exec_module\n  File "<frozen importlib._bootstrap>", line 488, in _call_with_frames_removed\n  File "/home/mhough/src/dmipy/dmipy_jax/__init__.py", line 24, in <module>\n    from dmipy_jax import inverse\n  File "/home/mhough/src/dmipy/dmipy_jax/inverse/__init__.py", line 1, in <module>\n    from .solvers import MicrostructureOperator, GlobalOptimizer\n  File "/home/mhough/src/dmipy/dmipy_jax/inverse/solvers.py", line 205\n    class GlobalOptimizer:\nIndentationError: expected an indented block after \'else\' statement on line 203\n')
 [autodoc.import_object]
WARNING: autodoc: failed to import 'core.invariants' from module 'dmipy_jax'; the following exception was raised:
Traceback (most recent call last):
  File "/home/mhough/src/dmipy/.venv/lib/python3.12/site-packages/sphinx/ext/autodoc/_dynamic/_importer.py", line 221, in _import_module
    module = importlib.import_module(modname)
             ^^^^^^^^^^^^^^^^^^^^^^^^^^^^^^^^
  File "/home/mhough/miniconda3/lib/python3.12/importlib/__init__.py", line 90, in import_module
    return _bootstrap._gcd_import(name[level:], package, level)
           ^^^^^^^^^^^^^^^^^^^^^^^^^^^^^^^^^^^^^^^^^^^^^^^^^^^^
  File "<frozen importlib._bootstrap>", line 1387, in _gcd_import
  File "<frozen importlib._bootstrap>", line 1360, in _find_and_load
  File "<frozen importlib._bootstrap>", line 1331, in _find_and_load_unlocked
  File "<frozen importlib._bootstrap>", line 935, in _load_unlocked
  File "<frozen importlib._bootstrap_external>", line 999, in exec_module
  File "<frozen importlib._bootstrap>", line 488, in _call_with_frames_removed
  File "/home/mhough/src/dmipy/dmipy_jax/__init__.py", line 24, in <module>
    from dmipy_jax import inverse
  File "/home/mhough/src/dmipy/dmipy_jax/inverse/__init__.py", line 1, in <module>
    from .solvers import MicrostructureOperator, GlobalOptimizer
  File "/home/mhough/src/dmipy/dmipy_jax/inverse/solvers.py", line 205
    class GlobalOptimizer:
IndentationError: expected an indented block after 'else' statement on line 203

The above exception was the direct cause of the following exception:

Traceback (most recent call last):
  File "/home/mhough/src/dmipy/.venv/lib/python3.12/site-packages/sphinx/ext/autodoc/_dynamic/_importer.py", line 131, in _import_from_module_and_path
    module = _import_module(module_name, try_reload=True)
             ^^^^^^^^^^^^^^^^^^^^^^^^^^^^^^^^^^^^^^^^^^^^
  File "/home/mhough/src/dmipy/.venv/lib/python3.12/site-packages/sphinx/ext/autodoc/_dynamic/_importer.py", line 233, in _import_module
    raise ImportError(exc, traceback.format_exc()) from exc
ImportError: (IndentationError("expected an indented block after 'else' statement on line 203", ('/home/mhough/src/dmipy/dmipy_jax/inverse/solvers.py', 205, 0, 'class GlobalOptimizer:\n', 205, -1)), 'Traceback (most recent call last):\n  File "/home/mhough/src/dmipy/.venv/lib/python3.12/site-packages/sphinx/ext/autodoc/_dynamic/_importer.py", line 221, in _import_module\n    module = importlib.import_module(modname)\n             ^^^^^^^^^^^^^^^^^^^^^^^^^^^^^^^^\n  File "/home/mhough/miniconda3/lib/python3.12/importlib/__init__.py", line 90, in import_module\n    return _bootstrap._gcd_import(name[level:], package, level)\n           ^^^^^^^^^^^^^^^^^^^^^^^^^^^^^^^^^^^^^^^^^^^^^^^^^^^^\n  File "<frozen importlib._bootstrap>", line 1387, in _gcd_import\n  File "<frozen importlib._bootstrap>", line 1360, in _find_and_load\n  File "<frozen importlib._bootstrap>", line 1331, in _find_and_load_unlocked\n  File "<frozen importlib._bootstrap>", line 935, in _load_unlocked\n  File "<frozen importlib._bootstrap_external>", line 999, in exec_module\n  File "<frozen importlib._bootstrap>", line 488, in _call_with_frames_removed\n  File "/home/mhough/src/dmipy/dmipy_jax/__init__.py", line 24, in <module>\n    from dmipy_jax import inverse\n  File "/home/mhough/src/dmipy/dmipy_jax/inverse/__init__.py", line 1, in <module>\n    from .solvers import MicrostructureOperator, GlobalOptimizer\n  File "/home/mhough/src/dmipy/dmipy_jax/inverse/solvers.py", line 205\n    class GlobalOptimizer:\nIndentationError: expected an indented block after \'else\' statement on line 203\n')
 [autodoc.import_object]
WARNING: autodoc: failed to import 'bingham' from module 'dmipy_jax.signal_models'; the following exception was raised:
Traceback (most recent call last):
  File "/home/mhough/src/dmipy/.venv/lib/python3.12/site-packages/sphinx/ext/autodoc/_dynamic/_importer.py", line 221, in _import_module
    module = importlib.import_module(modname)
             ^^^^^^^^^^^^^^^^^^^^^^^^^^^^^^^^
  File "/home/mhough/miniconda3/lib/python3.12/importlib/__init__.py", line 90, in import_module
    return _bootstrap._gcd_import(name[level:], package, level)
           ^^^^^^^^^^^^^^^^^^^^^^^^^^^^^^^^^^^^^^^^^^^^^^^^^^^^
  File "<frozen importlib._bootstrap>", line 1387, in _gcd_import
  File "<frozen importlib._bootstrap>", line 1360, in _find_and_load
  File "<frozen importlib._bootstrap>", line 1331, in _find_and_load_unlocked
  File "<frozen importlib._bootstrap>", line 935, in _load_unlocked
  File "<frozen importlib._bootstrap_external>", line 999, in exec_module
  File "<frozen importlib._bootstrap>", line 488, in _call_with_frames_removed
  File "/home/mhough/src/dmipy/dmipy_jax/signal_models/bingham.py", line 5, in <module>
    from dmipy_jax.core.integration_grids import get_spherical_fibonacci_grid
  File "/home/mhough/src/dmipy/dmipy_jax/__init__.py", line 24, in <module>
    from dmipy_jax import inverse
  File "/home/mhough/src/dmipy/dmipy_jax/inverse/__init__.py", line 1, in <module>
    from .solvers import MicrostructureOperator, GlobalOptimizer
  File "/home/mhough/src/dmipy/dmipy_jax/inverse/solvers.py", line 205
    class GlobalOptimizer:
IndentationError: expected an indented block after 'else' statement on line 203

The above exception was the direct cause of the following exception:

Traceback (most recent call last):
  File "/home/mhough/src/dmipy/.venv/lib/python3.12/site-packages/sphinx/ext/autodoc/_dynamic/_importer.py", line 131, in _import_from_module_and_path
    module = _import_module(module_name, try_reload=True)
             ^^^^^^^^^^^^^^^^^^^^^^^^^^^^^^^^^^^^^^^^^^^^
  File "/home/mhough/src/dmipy/.venv/lib/python3.12/site-packages/sphinx/ext/autodoc/_dynamic/_importer.py", line 233, in _import_module
    raise ImportError(exc, traceback.format_exc()) from exc
ImportError: (IndentationError("expected an indented block after 'else' statement on line 203", ('/home/mhough/src/dmipy/dmipy_jax/inverse/solvers.py', 205, 0, 'class GlobalOptimizer:\n', 205, -1)), 'Traceback (most recent call last):\n  File "/home/mhough/src/dmipy/.venv/lib/python3.12/site-packages/sphinx/ext/autodoc/_dynamic/_importer.py", line 221, in _import_module\n    module = importlib.import_module(modname)\n             ^^^^^^^^^^^^^^^^^^^^^^^^^^^^^^^^\n  File "/home/mhough/miniconda3/lib/python3.12/importlib/__init__.py", line 90, in import_module\n    return _bootstrap._gcd_import(name[level:], package, level)\n           ^^^^^^^^^^^^^^^^^^^^^^^^^^^^^^^^^^^^^^^^^^^^^^^^^^^^\n  File "<frozen importlib._bootstrap>", line 1387, in _gcd_import\n  File "<frozen importlib._bootstrap>", line 1360, in _find_and_load\n  File "<frozen importlib._bootstrap>", line 1331, in _find_and_load_unlocked\n  File "<frozen importlib._bootstrap>", line 935, in _load_unlocked\n  File "<frozen importlib._bootstrap_external>", line 999, in exec_module\n  File "<frozen importlib._bootstrap>", line 488, in _call_with_frames_removed\n  File "/home/mhough/src/dmipy/dmipy_jax/signal_models/bingham.py", line 5, in <module>\n    from dmipy_jax.core.integration_grids import get_spherical_fibonacci_grid\n  File "/home/mhough/src/dmipy/dmipy_jax/__init__.py", line 24, in <module>\n    from dmipy_jax import inverse\n  File "/home/mhough/src/dmipy/dmipy_jax/inverse/__init__.py", line 1, in <module>\n    from .solvers import MicrostructureOperator, GlobalOptimizer\n  File "/home/mhough/src/dmipy/dmipy_jax/inverse/solvers.py", line 205\n    class GlobalOptimizer:\nIndentationError: expected an indented block after \'else\' statement on line 203\n')
 [autodoc.import_object]
/home/mhough/src/dmipy/dmipy_jax/signal_models/cylinder_models.py:docstring of dmipy_jax.signal_models.cylinder_models.RestrictedCylinder:12: WARNING: Duplicate explicit target name: "1". [docutils]
/home/mhough/src/dmipy/dmipy_jax/signal_models/mte_noddi.py:docstring of dmipy_jax.signal_models.mte_noddi.MTE_NODDI:8: ERROR: Unexpected indentation. [docutils]
/home/mhough/src/dmipy/dmipy_jax/signal_models/sandi.py:docstring of dmipy_jax.signal_models.sandi.SphereGPD:6: WARNING: Duplicate explicit target name: "1". [docutils]
/home/mhough/src/dmipy/dmipy_jax/signal_models/sphere_models.py:docstring of dmipy_jax.signal_models.sphere_models.S1Dot:6: WARNING: Duplicate explicit target name: "1". [docutils]
/home/mhough/src/dmipy/dmipy_jax/signal_models/sphere_models.py:docstring of dmipy_jax.signal_models.sphere_models.S1Dot:8: ERROR: Unexpected indentation. [docutils]
/home/mhough/src/dmipy/dmipy_jax/signal_models/sandi.py:docstring of dmipy_jax.signal_models.sandi.SphereGPD:7: WARNING: Footnote [2] is not referenced. [ref.footnote]
/home/mhough/src/dmipy/dmipy_jax/signal_models/cylinder_models.py:docstring of dmipy_jax.signal_models.cylinder_models.CallaghanRestrictedCylinder:1: ERROR: Duplicate target name, cannot be used as a unique reference: "1". [docutils]
/home/mhough/src/dmipy/dmipy_jax/signal_models/cylinder_models.py:docstring of dmipy_jax.signal_models.cylinder_models.RestrictedCylinder:1: ERROR: Duplicate target name, cannot be used as a unique reference: "1". [docutils]
/home/mhough/src/dmipy/dmipy_jax/signal_models/sphere_models.py:docstring of dmipy_jax.signal_models.sphere_models.S1Dot:1: ERROR: Duplicate target name, cannot be used as a unique reference: "1". [docutils]
/home/mhough/src/dmipy/dmipy_jax/signal_models/sphere_models.py:docstring of dmipy_jax.signal_models.sphere_models.SphereCallaghan:1: ERROR: Duplicate target name, cannot be used as a unique reference: "1". [docutils]
/home/mhough/src/dmipy/dmipy_jax/signal_models/stick.py:docstring of dmipy_jax.signal_models.stick.Stick:1: ERROR: Duplicate target name, cannot be used as a unique reference: "1". [docutils]
/home/mhough/src/dmipy/dmipy_jax/signal_models/zeppelin.py:docstring of dmipy_jax.signal_models.zeppelin.Zeppelin:1: ERROR: Duplicate target name, cannot be used as a unique reference: "1". [docutils]
WARNING: autodoc: failed to import 'simulation.monte_carlo' from module 'dmipy_jax'; the following exception was raised:
Traceback (most recent call last):
  File "/home/mhough/src/dmipy/.venv/lib/python3.12/site-packages/sphinx/ext/autodoc/_dynamic/_importer.py", line 221, in _import_module
    module = importlib.import_module(modname)
             ^^^^^^^^^^^^^^^^^^^^^^^^^^^^^^^^
  File "/home/mhough/miniconda3/lib/python3.12/importlib/__init__.py", line 90, in import_module
    return _bootstrap._gcd_import(name[level:], package, level)
           ^^^^^^^^^^^^^^^^^^^^^^^^^^^^^^^^^^^^^^^^^^^^^^^^^^^^
  File "<frozen importlib._bootstrap>", line 1387, in _gcd_import
  File "<frozen importlib._bootstrap>", line 1360, in _find_and_load
  File "<frozen importlib._bootstrap>", line 1331, in _find_and_load_unlocked
  File "<frozen importlib._bootstrap>", line 935, in _load_unlocked
  File "<frozen importlib._bootstrap_external>", line 999, in exec_module
  File "<frozen importlib._bootstrap>", line 488, in _call_with_frames_removed
  File "/home/mhough/src/dmipy/dmipy_jax/__init__.py", line 24, in <module>
    from dmipy_jax import inverse
  File "/home/mhough/src/dmipy/dmipy_jax/inverse/__init__.py", line 1, in <module>
    from .solvers import MicrostructureOperator, GlobalOptimizer
  File "/home/mhough/src/dmipy/dmipy_jax/inverse/solvers.py", line 205
    class GlobalOptimizer:
IndentationError: expected an indented block after 'else' statement on line 203

The above exception was the direct cause of the following exception:

Traceback (most recent call last):
  File "/home/mhough/src/dmipy/.venv/lib/python3.12/site-packages/sphinx/ext/autodoc/_dynamic/_importer.py", line 131, in _import_from_module_and_path
    module = _import_module(module_name, try_reload=True)
             ^^^^^^^^^^^^^^^^^^^^^^^^^^^^^^^^^^^^^^^^^^^^
  File "/home/mhough/src/dmipy/.venv/lib/python3.12/site-packages/sphinx/ext/autodoc/_dynamic/_importer.py", line 233, in _import_module
    raise ImportError(exc, traceback.format_exc()) from exc
ImportError: (IndentationError("expected an indented block after 'else' statement on line 203", ('/home/mhough/src/dmipy/dmipy_jax/inverse/solvers.py', 205, 0, 'class GlobalOptimizer:\n', 205, -1)), 'Traceback (most recent call last):\n  File "/home/mhough/src/dmipy/.venv/lib/python3.12/site-packages/sphinx/ext/autodoc/_dynamic/_importer.py", line 221, in _import_module\n    module = importlib.import_module(modname)\n             ^^^^^^^^^^^^^^^^^^^^^^^^^^^^^^^^\n  File "/home/mhough/miniconda3/lib/python3.12/importlib/__init__.py", line 90, in import_module\n    return _bootstrap._gcd_import(name[level:], package, level)\n           ^^^^^^^^^^^^^^^^^^^^^^^^^^^^^^^^^^^^^^^^^^^^^^^^^^^^\n  File "<frozen importlib._bootstrap>", line 1387, in _gcd_import\n  File "<frozen importlib._bootstrap>", line 1360, in _find_and_load\n  File "<frozen importlib._bootstrap>", line 1331, in _find_and_load_unlocked\n  File "<frozen importlib._bootstrap>", line 935, in _load_unlocked\n  File "<frozen importlib._bootstrap_external>", line 999, in exec_module\n  File "<frozen importlib._bootstrap>", line 488, in _call_with_frames_removed\n  File "/home/mhough/src/dmipy/dmipy_jax/__init__.py", line 24, in <module>\n    from dmipy_jax import inverse\n  File "/home/mhough/src/dmipy/dmipy_jax/inverse/__init__.py", line 1, in <module>\n    from .solvers import MicrostructureOperator, GlobalOptimizer\n  File "/home/mhough/src/dmipy/dmipy_jax/inverse/solvers.py", line 205\n    class GlobalOptimizer:\nIndentationError: expected an indented block after \'else\' statement on line 203\n')
 [autodoc.import_object]
WARNING: autodoc: failed to import 'simulation.scanner.bloch' from module 'dmipy_jax'; the following exception was raised:
Traceback (most recent call last):
  File "/home/mhough/src/dmipy/.venv/lib/python3.12/site-packages/sphinx/ext/autodoc/_dynamic/_importer.py", line 221, in _import_module
    module = importlib.import_module(modname)
             ^^^^^^^^^^^^^^^^^^^^^^^^^^^^^^^^
  File "/home/mhough/miniconda3/lib/python3.12/importlib/__init__.py", line 90, in import_module
    return _bootstrap._gcd_import(name[level:], package, level)
           ^^^^^^^^^^^^^^^^^^^^^^^^^^^^^^^^^^^^^^^^^^^^^^^^^^^^
  File "<frozen importlib._bootstrap>", line 1387, in _gcd_import
  File "<frozen importlib._bootstrap>", line 1360, in _find_and_load
  File "<frozen importlib._bootstrap>", line 1331, in _find_and_load_unlocked
  File "<frozen importlib._bootstrap>", line 935, in _load_unlocked
  File "<frozen importlib._bootstrap_external>", line 999, in exec_module
  File "<frozen importlib._bootstrap>", line 488, in _call_with_frames_removed
  File "/home/mhough/src/dmipy/dmipy_jax/__init__.py", line 24, in <module>
    from dmipy_jax import inverse
  File "/home/mhough/src/dmipy/dmipy_jax/inverse/__init__.py", line 1, in <module>
    from .solvers import MicrostructureOperator, GlobalOptimizer
  File "/home/mhough/src/dmipy/dmipy_jax/inverse/solvers.py", line 205
    class GlobalOptimizer:
IndentationError: expected an indented block after 'else' statement on line 203

The above exception was the direct cause of the following exception:

Traceback (most recent call last):
  File "/home/mhough/src/dmipy/.venv/lib/python3.12/site-packages/sphinx/ext/autodoc/_dynamic/_importer.py", line 131, in _import_from_module_and_path
    module = _import_module(module_name, try_reload=True)
             ^^^^^^^^^^^^^^^^^^^^^^^^^^^^^^^^^^^^^^^^^^^^
  File "/home/mhough/src/dmipy/.venv/lib/python3.12/site-packages/sphinx/ext/autodoc/_dynamic/_importer.py", line 233, in _import_module
    raise ImportError(exc, traceback.format_exc()) from exc
ImportError: (IndentationError("expected an indented block after 'else' statement on line 203", ('/home/mhough/src/dmipy/dmipy_jax/inverse/solvers.py', 205, 0, 'class GlobalOptimizer:\n', 205, -1)), 'Traceback (most recent call last):\n  File "/home/mhough/src/dmipy/.venv/lib/python3.12/site-packages/sphinx/ext/autodoc/_dynamic/_importer.py", line 221, in _import_module\n    module = importlib.import_module(modname)\n             ^^^^^^^^^^^^^^^^^^^^^^^^^^^^^^^^\n  File "/home/mhough/miniconda3/lib/python3.12/importlib/__init__.py", line 90, in import_module\n    return _bootstrap._gcd_import(name[level:], package, level)\n           ^^^^^^^^^^^^^^^^^^^^^^^^^^^^^^^^^^^^^^^^^^^^^^^^^^^^\n  File "<frozen importlib._bootstrap>", line 1387, in _gcd_import\n  File "<frozen importlib._bootstrap>", line 1360, in _find_and_load\n  File "<frozen importlib._bootstrap>", line 1331, in _find_and_load_unlocked\n  File "<frozen importlib._bootstrap>", line 935, in _load_unlocked\n  File "<frozen importlib._bootstrap_external>", line 999, in exec_module\n  File "<frozen importlib._bootstrap>", line 488, in _call_with_frames_removed\n  File "/home/mhough/src/dmipy/dmipy_jax/__init__.py", line 24, in <module>\n    from dmipy_jax import inverse\n  File "/home/mhough/src/dmipy/dmipy_jax/inverse/__init__.py", line 1, in <module>\n    from .solvers import MicrostructureOperator, GlobalOptimizer\n  File "/home/mhough/src/dmipy/dmipy_jax/inverse/solvers.py", line 205\n    class GlobalOptimizer:\nIndentationError: expected an indented block after \'else\' statement on line 203\n')
 [autodoc.import_object]
WARNING: autodoc: failed to import 'simulation.scanner.objects' from module 'dmipy_jax'; the following exception was raised:
Traceback (most recent call last):
  File "/home/mhough/src/dmipy/.venv/lib/python3.12/site-packages/sphinx/ext/autodoc/_dynamic/_importer.py", line 221, in _import_module
    module = importlib.import_module(modname)
             ^^^^^^^^^^^^^^^^^^^^^^^^^^^^^^^^
  File "/home/mhough/miniconda3/lib/python3.12/importlib/__init__.py", line 90, in import_module
    return _bootstrap._gcd_import(name[level:], package, level)
           ^^^^^^^^^^^^^^^^^^^^^^^^^^^^^^^^^^^^^^^^^^^^^^^^^^^^
  File "<frozen importlib._bootstrap>", line 1387, in _gcd_import
  File "<frozen importlib._bootstrap>", line 1360, in _find_and_load
  File "<frozen importlib._bootstrap>", line 1331, in _find_and_load_unlocked
  File "<frozen importlib._bootstrap>", line 935, in _load_unlocked
  File "<frozen importlib._bootstrap_external>", line 999, in exec_module
  File "<frozen importlib._bootstrap>", line 488, in _call_with_frames_removed
  File "/home/mhough/src/dmipy/dmipy_jax/__init__.py", line 24, in <module>
    from dmipy_jax import inverse
  File "/home/mhough/src/dmipy/dmipy_jax/inverse/__init__.py", line 1, in <module>
    from .solvers import MicrostructureOperator, GlobalOptimizer
  File "/home/mhough/src/dmipy/dmipy_jax/inverse/solvers.py", line 205
    class GlobalOptimizer:
IndentationError: expected an indented block after 'else' statement on line 203

The above exception was the direct cause of the following exception:

Traceback (most recent call last):
  File "/home/mhough/src/dmipy/.venv/lib/python3.12/site-packages/sphinx/ext/autodoc/_dynamic/_importer.py", line 131, in _import_from_module_and_path
    module = _import_module(module_name, try_reload=True)
             ^^^^^^^^^^^^^^^^^^^^^^^^^^^^^^^^^^^^^^^^^^^^
  File "/home/mhough/src/dmipy/.venv/lib/python3.12/site-packages/sphinx/ext/autodoc/_dynamic/_importer.py", line 233, in _import_module
    raise ImportError(exc, traceback.format_exc()) from exc
ImportError: (IndentationError("expected an indented block after 'else' statement on line 203", ('/home/mhough/src/dmipy/dmipy_jax/inverse/solvers.py', 205, 0, 'class GlobalOptimizer:\n', 205, -1)), 'Traceback (most recent call last):\n  File "/home/mhough/src/dmipy/.venv/lib/python3.12/site-packages/sphinx/ext/autodoc/_dynamic/_importer.py", line 221, in _import_module\n    module = importlib.import_module(modname)\n             ^^^^^^^^^^^^^^^^^^^^^^^^^^^^^^^^\n  File "/home/mhough/miniconda3/lib/python3.12/importlib/__init__.py", line 90, in import_module\n    return _bootstrap._gcd_import(name[level:], package, level)\n           ^^^^^^^^^^^^^^^^^^^^^^^^^^^^^^^^^^^^^^^^^^^^^^^^^^^^\n  File "<frozen importlib._bootstrap>", line 1387, in _gcd_import\n  File "<frozen importlib._bootstrap>", line 1360, in _find_and_load\n  File "<frozen importlib._bootstrap>", line 1331, in _find_and_load_unlocked\n  File "<frozen importlib._bootstrap>", line 935, in _load_unlocked\n  File "<frozen importlib._bootstrap_external>", line 999, in exec_module\n  File "<frozen importlib._bootstrap>", line 488, in _call_with_frames_removed\n  File "/home/mhough/src/dmipy/dmipy_jax/__init__.py", line 24, in <module>\n    from dmipy_jax import inverse\n  File "/home/mhough/src/dmipy/dmipy_jax/inverse/__init__.py", line 1, in <module>\n    from .solvers import MicrostructureOperator, GlobalOptimizer\n  File "/home/mhough/src/dmipy/dmipy_jax/inverse/solvers.py", line 205\n    class GlobalOptimizer:\nIndentationError: expected an indented block after \'else\' statement on line 203\n')
 [autodoc.import_object]
WARNING: autodoc: failed to import 'simulation.scanner.phantoms' from module 'dmipy_jax'; the following exception was raised:
Traceback (most recent call last):
  File "/home/mhough/src/dmipy/.venv/lib/python3.12/site-packages/sphinx/ext/autodoc/_dynamic/_importer.py", line 221, in _import_module
    module = importlib.import_module(modname)
             ^^^^^^^^^^^^^^^^^^^^^^^^^^^^^^^^
  File "/home/mhough/miniconda3/lib/python3.12/importlib/__init__.py", line 90, in import_module
    return _bootstrap._gcd_import(name[level:], package, level)
           ^^^^^^^^^^^^^^^^^^^^^^^^^^^^^^^^^^^^^^^^^^^^^^^^^^^^
  File "<frozen importlib._bootstrap>", line 1387, in _gcd_import
  File "<frozen importlib._bootstrap>", line 1360, in _find_and_load
  File "<frozen importlib._bootstrap>", line 1331, in _find_and_load_unlocked
  File "<frozen importlib._bootstrap>", line 935, in _load_unlocked
  File "<frozen importlib._bootstrap_external>", line 999, in exec_module
  File "<frozen importlib._bootstrap>", line 488, in _call_with_frames_removed
  File "/home/mhough/src/dmipy/dmipy_jax/__init__.py", line 24, in <module>
    from dmipy_jax import inverse
  File "/home/mhough/src/dmipy/dmipy_jax/inverse/__init__.py", line 1, in <module>
    from .solvers import MicrostructureOperator, GlobalOptimizer
  File "/home/mhough/src/dmipy/dmipy_jax/inverse/solvers.py", line 205
    class GlobalOptimizer:
IndentationError: expected an indented block after 'else' statement on line 203

The above exception was the direct cause of the following exception:

Traceback (most recent call last):
  File "/home/mhough/src/dmipy/.venv/lib/python3.12/site-packages/sphinx/ext/autodoc/_dynamic/_importer.py", line 131, in _import_from_module_and_path
    module = _import_module(module_name, try_reload=True)
             ^^^^^^^^^^^^^^^^^^^^^^^^^^^^^^^^^^^^^^^^^^^^
  File "/home/mhough/src/dmipy/.venv/lib/python3.12/site-packages/sphinx/ext/autodoc/_dynamic/_importer.py", line 233, in _import_module
    raise ImportError(exc, traceback.format_exc()) from exc
ImportError: (IndentationError("expected an indented block after 'else' statement on line 203", ('/home/mhough/src/dmipy/dmipy_jax/inverse/solvers.py', 205, 0, 'class GlobalOptimizer:\n', 205, -1)), 'Traceback (most recent call last):\n  File "/home/mhough/src/dmipy/.venv/lib/python3.12/site-packages/sphinx/ext/autodoc/_dynamic/_importer.py", line 221, in _import_module\n    module = importlib.import_module(modname)\n             ^^^^^^^^^^^^^^^^^^^^^^^^^^^^^^^^\n  File "/home/mhough/miniconda3/lib/python3.12/importlib/__init__.py", line 90, in import_module\n    return _bootstrap._gcd_import(name[level:], package, level)\n           ^^^^^^^^^^^^^^^^^^^^^^^^^^^^^^^^^^^^^^^^^^^^^^^^^^^^\n  File "<frozen importlib._bootstrap>", line 1387, in _gcd_import\n  File "<frozen importlib._bootstrap>", line 1360, in _find_and_load\n  File "<frozen importlib._bootstrap>", line 1331, in _find_and_load_unlocked\n  File "<frozen importlib._bootstrap>", line 935, in _load_unlocked\n  File "<frozen importlib._bootstrap_external>", line 999, in exec_module\n  File "<frozen importlib._bootstrap>", line 488, in _call_with_frames_removed\n  File "/home/mhough/src/dmipy/dmipy_jax/__init__.py", line 24, in <module>\n    from dmipy_jax import inverse\n  File "/home/mhough/src/dmipy/dmipy_jax/inverse/__init__.py", line 1, in <module>\n    from .solvers import MicrostructureOperator, GlobalOptimizer\n  File "/home/mhough/src/dmipy/dmipy_jax/inverse/solvers.py", line 205\n    class GlobalOptimizer:\nIndentationError: expected an indented block after \'else\' statement on line 203\n')
 [autodoc.import_object]
WARNING: autodoc: failed to import 'simulation.scanner.sequences' from module 'dmipy_jax'; the following exception was raised:
Traceback (most recent call last):
  File "/home/mhough/src/dmipy/.venv/lib/python3.12/site-packages/sphinx/ext/autodoc/_dynamic/_importer.py", line 221, in _import_module
    module = importlib.import_module(modname)
             ^^^^^^^^^^^^^^^^^^^^^^^^^^^^^^^^
  File "/home/mhough/miniconda3/lib/python3.12/importlib/__init__.py", line 90, in import_module
    return _bootstrap._gcd_import(name[level:], package, level)
           ^^^^^^^^^^^^^^^^^^^^^^^^^^^^^^^^^^^^^^^^^^^^^^^^^^^^
  File "<frozen importlib._bootstrap>", line 1387, in _gcd_import
  File "<frozen importlib._bootstrap>", line 1360, in _find_and_load
  File "<frozen importlib._bootstrap>", line 1331, in _find_and_load_unlocked
  File "<frozen importlib._bootstrap>", line 935, in _load_unlocked
  File "<frozen importlib._bootstrap_external>", line 999, in exec_module
  File "<frozen importlib._bootstrap>", line 488, in _call_with_frames_removed
  File "/home/mhough/src/dmipy/dmipy_jax/__init__.py", line 24, in <module>
    from dmipy_jax import inverse
  File "/home/mhough/src/dmipy/dmipy_jax/inverse/__init__.py", line 1, in <module>
    from .solvers import MicrostructureOperator, GlobalOptimizer
  File "/home/mhough/src/dmipy/dmipy_jax/inverse/solvers.py", line 205
    class GlobalOptimizer:
IndentationError: expected an indented block after 'else' statement on line 203

The above exception was the direct cause of the following exception:

Traceback (most recent call last):
  File "/home/mhough/src/dmipy/.venv/lib/python3.12/site-packages/sphinx/ext/autodoc/_dynamic/_importer.py", line 131, in _import_from_module_and_path
    module = _import_module(module_name, try_reload=True)
             ^^^^^^^^^^^^^^^^^^^^^^^^^^^^^^^^^^^^^^^^^^^^
  File "/home/mhough/src/dmipy/.venv/lib/python3.12/site-packages/sphinx/ext/autodoc/_dynamic/_importer.py", line 233, in _import_module
    raise ImportError(exc, traceback.format_exc()) from exc
ImportError: (IndentationError("expected an indented block after 'else' statement on line 203", ('/home/mhough/src/dmipy/dmipy_jax/inverse/solvers.py', 205, 0, 'class GlobalOptimizer:\n', 205, -1)), 'Traceback (most recent call last):\n  File "/home/mhough/src/dmipy/.venv/lib/python3.12/site-packages/sphinx/ext/autodoc/_dynamic/_importer.py", line 221, in _import_module\n    module = importlib.import_module(modname)\n             ^^^^^^^^^^^^^^^^^^^^^^^^^^^^^^^^\n  File "/home/mhough/miniconda3/lib/python3.12/importlib/__init__.py", line 90, in import_module\n    return _bootstrap._gcd_import(name[level:], package, level)\n           ^^^^^^^^^^^^^^^^^^^^^^^^^^^^^^^^^^^^^^^^^^^^^^^^^^^^\n  File "<frozen importlib._bootstrap>", line 1387, in _gcd_import\n  File "<frozen importlib._bootstrap>", line 1360, in _find_and_load\n  File "<frozen importlib._bootstrap>", line 1331, in _find_and_load_unlocked\n  File "<frozen importlib._bootstrap>", line 935, in _load_unlocked\n  File "<frozen importlib._bootstrap_external>", line 999, in exec_module\n  File "<frozen importlib._bootstrap>", line 488, in _call_with_frames_removed\n  File "/home/mhough/src/dmipy/dmipy_jax/__init__.py", line 24, in <module>\n    from dmipy_jax import inverse\n  File "/home/mhough/src/dmipy/dmipy_jax/inverse/__init__.py", line 1, in <module>\n    from .solvers import MicrostructureOperator, GlobalOptimizer\n  File "/home/mhough/src/dmipy/dmipy_jax/inverse/solvers.py", line 205\n    class GlobalOptimizer:\nIndentationError: expected an indented block after \'else\' statement on line 203\n')
 [autodoc.import_object]
looking for now-outdated files... none found
pickling environment... done
checking consistency... /home/mhough/src/dmipy/docs/bibliography.md: WARNING: document isn't included in any toctree [toc.not_included]
/home/mhough/src/dmipy/docs/decisions/001-optimistix-over-optax.md: WARNING: document isn't included in any toctree [toc.not_included]
/home/mhough/src/dmipy/docs/decisions/002-adoption-of-kidger-stack.md: WARNING: document isn't included in any toctree [toc.not_included]
/home/mhough/src/dmipy/docs/decisions/002-kidger-stack-prompts.md: WARNING: document isn't included in any toctree [toc.not_included]
/home/mhough/src/dmipy/docs/reference/index.rst: WARNING: document isn't included in any toctree [toc.not_included]
/home/mhough/src/dmipy/docs/theory.rst: WARNING: document isn't included in any toctree [toc.not_included]
/home/mhough/src/dmipy/docs/tutorials/simulation_basics.md: WARNING: document isn't included in any toctree [toc.not_included]
/home/mhough/src/dmipy/docs/workshop/slides.md: WARNING: document isn't included in any toctree [toc.not_included]
done
preparing documents... done
copying assets... 
copying static files... 
Writing evaluated template result to /home/mhough/src/dmipy/docs/_build/html/_static/basic.css
Writing evaluated template result to /home/mhough/src/dmipy/docs/_build/html/_static/documentation_options.js
Writing evaluated template result to /home/mhough/src/dmipy/docs/_build/html/_static/language_data.js
Writing evaluated template result to /home/mhough/src/dmipy/docs/_build/html/_static/copybutton.js
copying static files: done
copying extra files... 
copying extra files: done
copying assets: done
writing output... [ 17%] index
writing output... [ 33%] reference/core
writing output... [ 50%] reference/index
writing output... [ 67%] reference/signal_models
writing output... [ 83%] reference/simulation
writing output... [100%] tutorials/simulation_basics

generating indices... genindex py-modindex done
highlighting module code... [  8%] dmipy_jax.acquisition
highlighting module code... [ 17%] dmipy_jax.fitting.neural
highlighting module code... [ 25%] dmipy_jax.fitting.optimization
highlighting module code... [ 33%] dmipy_jax.models.c_noddi
highlighting module code... [ 42%] dmipy_jax.models.fw_dti
highlighting module code... [ 50%] dmipy_jax.signal_models.cylinder_models
highlighting module code... [ 58%] dmipy_jax.signal_models.gaussian_models
highlighting module code... [ 67%] dmipy_jax.signal_models.mte_noddi
highlighting module code... [ 75%] dmipy_jax.signal_models.sandi
highlighting module code... [ 83%] dmipy_jax.signal_models.sphere_models
highlighting module code... [ 92%] dmipy_jax.signal_models.stick
highlighting module code... [100%] dmipy_jax.signal_models.zeppelin

writing additional pages... search done
dumping search index in English (code: en)... done
dumping object inventory... done
build succeeded, 33 warnings.

The HTML pages are in docs/_build/html.
